2023/04/28 01:29:21 [error] [exception.CException] CException: CHttpRequest is unable to determine the entry script URL. in /Applications/MAMP/htdocs/yii-1.1/framework/web/CHttpRequest.php:439
Stack trace:
#0 /Applications/MAMP/htdocs/yii-1.1/framework/web/CHttpRequest.php(402): CHttpRequest->getScriptUrl()
#1 /Applications/MAMP/htdocs/yii-1.1/framework/base/CComponent.php(111): CHttpRequest->getBaseUrl()
#2 /Applications/MAMP/htdocs/sistem-informasi-klinik/protected/views/layouts/main.php(9): CComponent->__get('baseUrl')
#3 /Applications/MAMP/htdocs/yii-1.1/framework/web/CBaseController.php(126): require('/Applications/M...')
#4 /Applications/MAMP/htdocs/yii-1.1/framework/web/CBaseController.php(95): CBaseController->renderInternal('/Applications/M...', Array, true)
#5 /Applications/MAMP/htdocs/yii-1.1/framework/web/widgets/CContentDecorator.php(76): CBaseController->renderFile('/Applications/M...', Array, true)
#6 /Applications/MAMP/htdocs/yii-1.1/framework/web/widgets/CContentDecorator.php(54): CContentDecorator->decorate('<div id="conten...')
#7 /Applications/MAMP/htdocs/yii-1.1/framework/web/widgets/COutputProcessor.php(44): CContentDecorator->processOutput('<div id="conten...')
#8 /Applications/MAMP/htdocs/yii-1.1/framework/web/CBaseController.php(215): COutputProcessor->run()
#9 /Applications/MAMP/htdocs/yii-1.1/framework/web/CBaseController.php(309): CBaseController->endWidget('CContentDecorat...')
#10 /Applications/MAMP/htdocs/sistem-informasi-klinik/protected/views/layouts/column1.php(6): CBaseController->endContent()
#11 /Applications/MAMP/htdocs/yii-1.1/framework/web/CBaseController.php(126): require('/Applications/M...')
#12 /Applications/MAMP/htdocs/yii-1.1/framework/web/CBaseController.php(95): CBaseController->renderInternal('/Applications/M...', Array, true)
#13 /Applications/MAMP/htdocs/yii-1.1/framework/web/CController.php(787): CBaseController->renderFile('/Applications/M...', Array, true)
#14 /Applications/MAMP/htdocs/sistem-informasi-klinik/protected/controllers/SiteController.php(32): CController->render('index')
#15 /Applications/MAMP/htdocs/yii-1.1/framework/web/actions/CInlineAction.php(49): SiteController->actionIndex()
#16 /Applications/MAMP/htdocs/yii-1.1/framework/web/CController.php(308): CInlineAction->runWithParams(Array)
#17 /Applications/MAMP/htdocs/yii-1.1/framework/web/CController.php(286): CController->runAction(Object(CInlineAction))
#18 /Applications/MAMP/htdocs/yii-1.1/framework/web/CController.php(265): CController->runActionWithFilters(Object(CInlineAction), Array)
#19 /Applications/MAMP/htdocs/yii-1.1/framework/web/CWebApplication.php(282): CController->run('')
#20 /Applications/MAMP/htdocs/yii-1.1/framework/web/CWebApplication.php(141): CWebApplication->runController('')
#21 /Applications/MAMP/htdocs/yii-1.1/framework/base/CApplication.php(185): CWebApplication->processRequest()
#22 /Applications/MAMP/htdocs/sistem-informasi-klinik/index.php(13): CApplication->run()
#23 {main}
REQUEST_URI=/favicon.ico
HTTP_REFERER=http://127.0.0.1:8001/
---
2023/04/28 01:29:25 [error] [exception.CException] CException: CHttpRequest is unable to determine the entry script URL. in /Applications/MAMP/htdocs/yii-1.1/framework/web/CHttpRequest.php:439
Stack trace:
#0 /Applications/MAMP/htdocs/yii-1.1/framework/web/CHttpRequest.php(402): CHttpRequest->getScriptUrl()
#1 /Applications/MAMP/htdocs/yii-1.1/framework/base/CComponent.php(111): CHttpRequest->getBaseUrl()
#2 /Applications/MAMP/htdocs/sistem-informasi-klinik/protected/views/layouts/main.php(9): CComponent->__get('baseUrl')
#3 /Applications/MAMP/htdocs/yii-1.1/framework/web/CBaseController.php(126): require('/Applications/M...')
#4 /Applications/MAMP/htdocs/yii-1.1/framework/web/CBaseController.php(95): CBaseController->renderInternal('/Applications/M...', Array, true)
#5 /Applications/MAMP/htdocs/yii-1.1/framework/web/widgets/CContentDecorator.php(76): CBaseController->renderFile('/Applications/M...', Array, true)
#6 /Applications/MAMP/htdocs/yii-1.1/framework/web/widgets/CContentDecorator.php(54): CContentDecorator->decorate('<div id="conten...')
#7 /Applications/MAMP/htdocs/yii-1.1/framework/web/widgets/COutputProcessor.php(44): CContentDecorator->processOutput('<div id="conten...')
#8 /Applications/MAMP/htdocs/yii-1.1/framework/web/CBaseController.php(215): COutputProcessor->run()
#9 /Applications/MAMP/htdocs/yii-1.1/framework/web/CBaseController.php(309): CBaseController->endWidget('CContentDecorat...')
#10 /Applications/MAMP/htdocs/sistem-informasi-klinik/protected/views/layouts/column1.php(6): CBaseController->endContent()
#11 /Applications/MAMP/htdocs/yii-1.1/framework/web/CBaseController.php(126): require('/Applications/M...')
#12 /Applications/MAMP/htdocs/yii-1.1/framework/web/CBaseController.php(95): CBaseController->renderInternal('/Applications/M...', Array, true)
#13 /Applications/MAMP/htdocs/yii-1.1/framework/web/CController.php(787): CBaseController->renderFile('/Applications/M...', Array, true)
#14 /Applications/MAMP/htdocs/sistem-informasi-klinik/protected/controllers/SiteController.php(32): CController->render('index')
#15 /Applications/MAMP/htdocs/yii-1.1/framework/web/actions/CInlineAction.php(49): SiteController->actionIndex()
#16 /Applications/MAMP/htdocs/yii-1.1/framework/web/CController.php(308): CInlineAction->runWithParams(Array)
#17 /Applications/MAMP/htdocs/yii-1.1/framework/web/CController.php(286): CController->runAction(Object(CInlineAction))
#18 /Applications/MAMP/htdocs/yii-1.1/framework/web/CController.php(265): CController->runActionWithFilters(Object(CInlineAction), Array)
#19 /Applications/MAMP/htdocs/yii-1.1/framework/web/CWebApplication.php(282): CController->run('')
#20 /Applications/MAMP/htdocs/yii-1.1/framework/web/CWebApplication.php(141): CWebApplication->runController('')
#21 /Applications/MAMP/htdocs/yii-1.1/framework/base/CApplication.php(185): CWebApplication->processRequest()
#22 /Applications/MAMP/htdocs/sistem-informasi-klinik/index.php(13): CApplication->run()
#23 {main}
REQUEST_URI=/favicon.ico
HTTP_REFERER=http://127.0.0.1:8001/index.php?r=site/login
---
